Arguments: 
  /usr/local/bin/node /Users/mau/.yarn/bin/yarn.js add eslint

PATH: 
  /Users/mau/.yarn/bin:/Users/mau/.config/yarn/global/node_modules/.bin:/usr/local/bin:/usr/bin:/bin:/usr/sbin:/sbin

Yarn version: 
  1.6.0

Node version: 
  9.8.0

Platform: 
  darwin x64

Trace: 
  Error: write EADDRNOTAVAIL
      at WriteWrap.afterWrite [as oncomplete] (net.js:841:14)

npm manifest: 
  {
    "name": "pdf-comparison",
    "version": "1.0.0",
    "main": "index.js",
    "repository": "https://github.com/maurer2/pdf-comparison.git",
    "author": "Martin",
    "license": "MIT",
    "engines": {
      "node": ">= 8.0.0"
    },
    "scripts": {
      "compare-pdf": "node index.js"
    },
    "dependencies": {
      "bluebird": "^3.5.1",
      "chrome-launcher": "^0.10.2",
      "html-pdf-chrome": "^0.5.0",
      "lodash": "^4.17.10",
      "pdf-image": "^2.0.0",
      "pixelmatch": "^4.0.2",
      "pngjs": "^3.3.3"
    }
  }

yarn manifest: 
  No manifest

Lockfile: 
  # THIS IS AN AUTOGENERATED FILE. DO NOT EDIT THIS FILE DIRECTLY.
  # yarn lockfile v1
  
  
  "@types/core-js@^0.9.41":
    version "0.9.46"
    resolved "https://registry.yarnpkg.com/@types/core-js/-/core-js-0.9.46.tgz#ea701ee34cbb6dfe6d100f1530319547c93c8d79"
  
  "@types/mkdirp@^0.3.29":
    version "0.3.29"
    resolved "https://registry.yarnpkg.com/@types/mkdirp/-/mkdirp-0.3.29.tgz#7f2ad7ec55f914482fc9b1ec4bb1ae6028d46066"
  
  "@types/node@^9.3.0":
    version "9.6.29"
    resolved "https://registry.yarnpkg.com/@types/node/-/node-9.6.29.tgz#9b3c5b288c77fbd2ab5684d36e3528cb9ee5429f"
  
  "@types/rimraf@^0.0.28":
    version "0.0.28"
    resolved "https://registry.yarnpkg.com/@types/rimraf/-/rimraf-0.0.28.tgz#5562519bc7963caca8abf7f128cae3b594d41d06"
  
  async-limiter@~1.0.0:
    version "1.0.0"
    resolved "https://registry.yarnpkg.com/async-limiter/-/async-limiter-1.0.0.tgz#78faed8c3d074ab81f22b4e985d79e8738f720f8"
  
  balanced-match@^1.0.0:
    version "1.0.0"
    resolved "https://registry.yarnpkg.com/balanced-match/-/balanced-match-1.0.0.tgz#89b4d199ab2bee49de164ea02b89ce462d71b767"
  
  bluebird@^3.5.1:
    version "3.5.1"
    resolved "https://registry.yarnpkg.com/bluebird/-/bluebird-3.5.1.tgz#d9551f9de98f1fcda1e683d17ee91a0602ee2eb9"
  
  brace-expansion@^1.1.7:
    version "1.1.11"
    resolved "https://registry.yarnpkg.com/brace-expansion/-/brace-expansion-1.1.11.tgz#3c7fcbf529d87226f3d2f52b966ff5271eb441dd"
    dependencies:
      balanced-match "^1.0.0"
      concat-map "0.0.1"
  
  chrome-launcher@^0.10.0, chrome-launcher@^0.10.2:
    version "0.10.2"
    resolved "https://registry.yarnpkg.com/chrome-launcher/-/chrome-launcher-0.10.2.tgz#f7d860ddec627b6f01015736b5ae1e33b3d165b1"
    dependencies:
      "@types/core-js" "^0.9.41"
      "@types/mkdirp" "^0.3.29"
      "@types/node" "^9.3.0"
      "@types/rimraf" "^0.0.28"
      is-wsl "^1.1.0"
      lighthouse-logger "^1.0.0"
      mkdirp "0.5.1"
      rimraf "^2.6.1"
  
  chrome-remote-interface@^0.25.0:
    version "0.25.7"
    resolved "https://registry.yarnpkg.com/chrome-remote-interface/-/chrome-remote-interface-0.25.7.tgz#827e85fbef3cc561a9ef2404eb7eee355968c5bc"
    dependencies:
      commander "2.11.x"
      ws "3.3.x"
  
  commander@2.11.x:
    version "2.11.0"
    resolved "https://registry.yarnpkg.com/commander/-/commander-2.11.0.tgz#157152fd1e7a6c8d98a5b715cf376df928004563"
  
  concat-map@0.0.1:
    version "0.0.1"
    resolved "https://registry.yarnpkg.com/concat-map/-/concat-map-0.0.1.tgz#d8a96bd77fd68df7793a73036a3ba0d5405d477b"
  
  debug@^2.6.8:
    version "2.6.9"
    resolved "https://registry.yarnpkg.com/debug/-/debug-2.6.9.tgz#5d128515df134ff327e90a4c93f4e077a536341f"
    dependencies:
      ms "2.0.0"
  
  es6-promise@~4.2.4:
    version "4.2.4"
    resolved "https://registry.yarnpkg.com/es6-promise/-/es6-promise-4.2.4.tgz#dc4221c2b16518760bd8c39a52d8f356fc00ed29"
  
  fs.realpath@^1.0.0:
    version "1.0.0"
    resolved "https://registry.yarnpkg.com/fs.realpath/-/fs.realpath-1.0.0.tgz#1504ad2523158caa40db4a2787cb01411994ea4f"
  
  glob@^7.0.5:
    version "7.1.2"
    resolved "https://registry.yarnpkg.com/glob/-/glob-7.1.2.tgz#c19c9df9a028702d678612384a6552404c636d15"
    dependencies:
      fs.realpath "^1.0.0"
      inflight "^1.0.4"
      inherits "2"
      minimatch "^3.0.4"
      once "^1.3.0"
      path-is-absolute "^1.0.0"
  
  html-pdf-chrome@^0.5.0:
    version "0.5.0"
    resolved "https://registry.yarnpkg.com/html-pdf-chrome/-/html-pdf-chrome-0.5.0.tgz#a5e26060c71ae902ac279a8c5c97683064320ce7"
    dependencies:
      chrome-launcher "^0.10.0"
      chrome-remote-interface "^0.25.0"
  
  inflight@^1.0.4:
    version "1.0.6"
    resolved "https://registry.yarnpkg.com/inflight/-/inflight-1.0.6.tgz#49bd6331d7d02d0c09bc910a1075ba8165b56df9"
    dependencies:
      once "^1.3.0"
      wrappy "1"
  
  inherits@2:
    version "2.0.3"
    resolved "https://registry.yarnpkg.com/inherits/-/inherits-2.0.3.tgz#633c2c83e3da42a502f52466022480f4208261de"
  
  is-stream@^1.0.1:
    version "1.1.0"
    resolved "https://registry.yarnpkg.com/is-stream/-/is-stream-1.1.0.tgz#12d4a3dd4e68e0b79ceb8dbc84173ae80d91ca44"
  
  is-wsl@^1.1.0:
    version "1.1.0"
    resolved "https://registry.yarnpkg.com/is-wsl/-/is-wsl-1.1.0.tgz#1f16e4aa22b04d1336b66188a66af3c600c3a66d"
  
  lighthouse-logger@^1.0.0:
    version "1.0.1"
    resolved "https://registry.yarnpkg.com/lighthouse-logger/-/lighthouse-logger-1.0.1.tgz#f073d83f7acbc96729bf100a121c8f006991ae61"
    dependencies:
      debug "^2.6.8"
  
  lodash@^4.17.10:
    version "4.17.10"
    resolved "https://registry.yarnpkg.com/lodash/-/lodash-4.17.10.tgz#1b7793cf7259ea38fb3661d4d38b3260af8ae4e7"
  
  minimatch@^3.0.4:
    version "3.0.4"
    resolved "https://registry.yarnpkg.com/minimatch/-/minimatch-3.0.4.tgz#5166e286457f03306064be5497e8dbb0c3d32083"
    dependencies:
      brace-expansion "^1.1.7"
  
  minimist@0.0.8:
    version "0.0.8"
    resolved "https://registry.yarnpkg.com/minimist/-/minimist-0.0.8.tgz#857fcabfc3397d2625b8228262e86aa7a011b05d"
  
  mkdirp@0.5.1:
    version "0.5.1"
    resolved "https://registry.yarnpkg.com/mkdirp/-/mkdirp-0.5.1.tgz#30057438eac6cf7f8c4767f38648d6697d75c903"
    dependencies:
      minimist "0.0.8"
  
  ms@2.0.0:
    version "2.0.0"
    resolved "https://registry.yarnpkg.com/ms/-/ms-2.0.0.tgz#5608aeadfc00be6c2901df5f9861788de0d597c8"
  
  once@^1.3.0:
    version "1.4.0"
    resolved "https://registry.yarnpkg.com/once/-/once-1.4.0.tgz#583b1aa775961d4b113ac17d9c50baef9dd76bd1"
    dependencies:
      wrappy "1"
  
  path-is-absolute@^1.0.0:
    version "1.0.1"
    resolved "https://registry.yarnpkg.com/path-is-absolute/-/path-is-absolute-1.0.1.tgz#174b9268735534ffbc7ace6bf53a5a9e1b5c5f5f"
  
  pdf-image@^2.0.0:
    version "2.0.0"
    resolved "https://registry.yarnpkg.com/pdf-image/-/pdf-image-2.0.0.tgz#f134296876c3d5aacb6bb5805ad15d0a46775fd5"
    dependencies:
      es6-promise "~4.2.4"
  
  pixelmatch@^4.0.2:
    version "4.0.2"
    resolved "https://registry.yarnpkg.com/pixelmatch/-/pixelmatch-4.0.2.tgz#8f47dcec5011b477b67db03c243bc1f3085e8854"
    dependencies:
      pngjs "^3.0.0"
  
  pngjs@^3.0.0, pngjs@^3.3.3:
    version "3.3.3"
    resolved "https://registry.yarnpkg.com/pngjs/-/pngjs-3.3.3.tgz#85173703bde3edac8998757b96e5821d0966a21b"
  
  rimraf@^2.6.1:
    version "2.6.2"
    resolved "https://registry.yarnpkg.com/rimraf/-/rimraf-2.6.2.tgz#2ed8150d24a16ea8651e6d6ef0f47c4158ce7a36"
    dependencies:
      glob "^7.0.5"
  
  safe-buffer@~5.1.0:
    version "5.1.2"
    resolved "https://registry.yarnpkg.com/safe-buffer/-/safe-buffer-5.1.2.tgz#991ec69d296e0313747d59bdfd2b745c35f8828d"
  
  slang@>=0.2:
    version "0.3.0"
    resolved "https://registry.yarnpkg.com/slang/-/slang-0.3.0.tgz#13af75b4f0c018c6a8193d704f65b23be4fbabdc"
  
  ultron@~1.1.0:
    version "1.1.1"
    resolved "https://registry.yarnpkg.com/ultron/-/ultron-1.1.1.tgz#9fe1536a10a664a65266a1e3ccf85fd36302bc9c"
  
  wkhtmltopdf@^0.3.4:
    version "0.3.4"
    resolved "https://registry.yarnpkg.com/wkhtmltopdf/-/wkhtmltopdf-0.3.4.tgz#e2db542a7dc2248032bf136754b5cdd7cf2815f0"
    dependencies:
      is-stream "^1.0.1"
      slang ">=0.2"
  
  wrappy@1:
    version "1.0.2"
    resolved "https://registry.yarnpkg.com/wrappy/-/wrappy-1.0.2.tgz#b5243d8f3ec1aa35f1364605bc0d1036e30ab69f"
  
  ws@3.3.x:
    version "3.3.3"
    resolved "https://registry.yarnpkg.com/ws/-/ws-3.3.3.tgz#f1cf84fe2d5e901ebce94efaece785f187a228f2"
    dependencies:
      async-limiter "~1.0.0"
      safe-buffer "~5.1.0"
      ultron "~1.1.0"
